2025-12-24T15:33:29.055Z: Accessing /detail page. Query ID: 694bf4312ef55f73769a7c98
2025-12-24T15:33:29.058Z: Searching for ID: 694bf4312ef55f73769a7c98
2025-12-24T15:33:29.061Z: Search result: Found
2025-12-24T15:33:29.061Z: Product Name: Áo polo Nam
2025-12-24T15:33:40.741Z: Accessing /detail page. Query ID: undefined
2025-12-24T15:33:40.742Z: No ID provided, fetching default product...
2025-12-24T15:33:40.744Z: Default product found: 694bef8e2ef55f73769a79cf
2025-12-24T15:33:48.786Z: Accessing /detail page. Query ID: undefined
2025-12-24T15:33:48.786Z: No ID provided, fetching default product...
2025-12-24T15:33:48.788Z: Default product found: 694bef8e2ef55f73769a79cf
2025-12-24T15:33:57.774Z: Accessing /detail page. Query ID: 694bf1162ef55f73769a7ac6
2025-12-24T15:33:57.774Z: Searching for ID: 694bf1162ef55f73769a7ac6
2025-12-24T15:33:57.775Z: Search result: Found
2025-12-24T15:33:57.775Z: Product Name: Áo gió có mũ Nam
2025-12-24T15:34:02.006Z: Accessing /detail page. Query ID: 694bf0a12ef55f73769a7aa1
2025-12-24T15:34:02.006Z: Searching for ID: 694bf0a12ef55f73769a7aa1
2025-12-24T15:34:02.008Z: Search result: Found
2025-12-24T15:34:02.008Z: Product Name: Áo gió có mũ Nam
2025-12-24T15:34:10.758Z: Accessing /detail page. Query ID: 694bf0a12ef55f73769a7aa1
2025-12-24T15:34:10.758Z: Searching for ID: 694bf0a12ef55f73769a7aa1
2025-12-24T15:34:10.760Z: Search result: Found
2025-12-24T15:34:10.760Z: Product Name: Áo gió có mũ Nam
2025-12-24T15:35:02.160Z: Accessing /detail page. Query ID: undefined
2025-12-24T15:35:02.160Z: No ID provided, fetching default product...
2025-12-24T15:35:02.162Z: Default product found: 694bef8e2ef55f73769a79cf
2025-12-24T15:36:06.545Z: Accessing /detail page. Query ID: 694bf63abdbb409b0bd4af3b
2025-12-24T15:36:06.546Z: Searching for ID: 694bf63abdbb409b0bd4af3b
2025-12-24T15:36:06.549Z: Search result: Found
2025-12-24T15:36:06.549Z: Product Name: Áo dài tay Nam
2025-12-24T15:36:47.669Z: Accessing /detail page. Query ID: 694bf1392ef55f73769a7ada
2025-12-24T15:36:47.670Z: Searching for ID: 694bf1392ef55f73769a7ada
2025-12-24T15:36:47.672Z: Search result: Found
2025-12-24T15:36:47.672Z: Product Name: Áo gió có mũ Nam
2025-12-24T15:39:47.457Z: Accessing /detail page. Query ID: 694bf63abdbb409b0bd4af3b
2025-12-24T15:39:47.457Z: Searching for ID: 694bf63abdbb409b0bd4af3b
2025-12-24T15:39:47.460Z: Search result: Found
2025-12-24T15:39:47.460Z: Product Name: Áo dài tay Nam
2025-12-24T16:05:05.612Z: Accessing /detail page. Query ID: undefined
2025-12-24T16:05:05.612Z: No ID provided, fetching default product...
2025-12-24T16:05:05.614Z: Default product found: 694bef8e2ef55f73769a79cf
2025-12-24T16:05:16.868Z: Accessing /detail page. Query ID: 694bf63abdbb409b0bd4af3b
2025-12-24T16:05:16.868Z: Searching for ID: 694bf63abdbb409b0bd4af3b
2025-12-24T16:05:16.870Z: Search result: Found
2025-12-24T16:05:16.870Z: Product Name: Áo dài tay Nam
2025-12-24T16:05:34.954Z: Accessing /detail page. Query ID: 694bf4312ef55f73769a7c98
2025-12-24T16:05:34.954Z: Searching for ID: 694bf4312ef55f73769a7c98
2025-12-24T16:05:34.955Z: Search result: Found
2025-12-24T16:05:34.956Z: Product Name: Áo polo Nam
2025-12-24T16:42:00.288Z: Accessing /detail page. Query ID: undefined
2025-12-24T16:42:00.289Z: No ID provided, fetching default product...
2025-12-24T16:42:00.290Z: Default product found: 694bef8e2ef55f73769a79cf
2025-12-24T16:57:06.034Z: Accessing /detail page. Query ID: 694bf2202ef55f73769a7b38
2025-12-24T16:57:06.035Z: Searching for ID: 694bf2202ef55f73769a7b38
2025-12-24T16:57:06.037Z: Search result: Found
2025-12-24T16:57:06.037Z: Product Name: Áo nỉ không mũ Nam
2025-12-24T16:57:32.144Z: Accessing /detail page. Query ID: 694bf2202ef55f73769a7b38
2025-12-24T16:57:32.145Z: Searching for ID: 694bf2202ef55f73769a7b38
2025-12-24T16:57:32.147Z: Search result: Found
2025-12-24T16:57:32.147Z: Product Name: Áo nỉ không mũ Nam
2025-12-24T16:57:35.606Z: Accessing /detail page. Query ID: 694bf0a12ef55f73769a7aa1
2025-12-24T16:57:35.607Z: Searching for ID: 694bf0a12ef55f73769a7aa1
2025-12-24T16:57:35.609Z: Search result: Found
2025-12-24T16:57:35.609Z: Product Name: Áo gió có mũ Nam
2025-12-24T16:57:40.708Z: Accessing /detail page. Query ID: 694bf63abdbb409b0bd4af3b
2025-12-24T16:57:40.708Z: Searching for ID: 694bf63abdbb409b0bd4af3b
2025-12-24T16:57:40.710Z: Search result: Found
2025-12-24T16:57:40.710Z: Product Name: Áo dài tay Nam
2025-12-24T16:57:47.623Z: Accessing /detail page. Query ID: 694bf2202ef55f73769a7b38
2025-12-24T16:57:47.623Z: Searching for ID: 694bf2202ef55f73769a7b38
2025-12-24T16:57:47.624Z: Search result: Found
2025-12-24T16:57:47.624Z: Product Name: Áo nỉ không mũ Nam
2025-12-24T16:57:53.030Z: Accessing /detail page. Query ID: 694bf4312ef55f73769a7c98
2025-12-24T16:57:53.031Z: Searching for ID: 694bf4312ef55f73769a7c98
2025-12-24T16:57:53.033Z: Search result: Found
2025-12-24T16:57:53.033Z: Product Name: Áo polo Nam
2025-12-24T16:57:56.874Z: Accessing /detail page. Query ID: 694bf2fd2ef55f73769a7bd2
2025-12-24T16:57:56.874Z: Searching for ID: 694bf2fd2ef55f73769a7bd2
2025-12-24T16:57:56.875Z: Search result: Found
2025-12-24T16:57:56.876Z: Product Name: Áo nỉ Nam
2025-12-24T16:58:00.672Z: Accessing /detail page. Query ID: 694bf2202ef55f73769a7b38
2025-12-24T16:58:00.673Z: Searching for ID: 694bf2202ef55f73769a7b38
2025-12-24T16:58:00.674Z: Search result: Found
2025-12-24T16:58:00.675Z: Product Name: Áo nỉ không mũ Nam
2025-12-24T16:58:03.871Z: Accessing /detail page. Query ID: 694bf1dd2ef55f73769a7b21
2025-12-24T16:58:03.872Z: Searching for ID: 694bf1dd2ef55f73769a7b21
2025-12-24T16:58:03.873Z: Search result: Found
2025-12-24T16:58:03.873Z: Product Name: Áo nỉ cổ tròn không mũ Nam
2025-12-24T16:58:09.078Z: Accessing /detail page. Query ID: 694bf15a2ef55f73769a7aef
2025-12-24T16:58:09.078Z: Searching for ID: 694bf15a2ef55f73769a7aef
2025-12-24T16:58:09.079Z: Search result: Found
2025-12-24T16:58:09.079Z: Product Name: Áo gió có mũ Nam
2025-12-24T16:58:12.765Z: Accessing /detail page. Query ID: 694bf2202ef55f73769a7b38
2025-12-24T16:58:12.765Z: Searching for ID: 694bf2202ef55f73769a7b38
2025-12-24T16:58:12.767Z: Search result: Found
2025-12-24T16:58:12.767Z: Product Name: Áo nỉ không mũ Nam
2025-12-24T16:58:19.013Z: Accessing /detail page. Query ID: 694bf27a2ef55f73769a7b50
2025-12-24T16:58:19.014Z: Searching for ID: 694bf27a2ef55f73769a7b50
2025-12-24T16:58:19.015Z: Search result: Found
2025-12-24T16:58:19.015Z: Product Name: Áo nỉ Nam
2025-12-24T16:58:21.705Z: Accessing /detail page. Query ID: 694bf2fd2ef55f73769a7bd2
2025-12-24T16:58:21.705Z: Searching for ID: 694bf2fd2ef55f73769a7bd2
2025-12-24T16:58:21.707Z: Search result: Found
2025-12-24T16:58:21.707Z: Product Name: Áo nỉ Nam
2025-12-24T16:58:39.077Z: Accessing /detail page. Query ID: 694bf15a2ef55f73769a7aef
2025-12-24T16:58:39.077Z: Searching for ID: 694bf15a2ef55f73769a7aef
2025-12-24T16:58:39.078Z: Search result: Found
2025-12-24T16:58:39.078Z: Product Name: Áo gió có mũ Nam
2025-12-24T16:58:51.283Z: Accessing /detail page. Query ID: 694bf0a12ef55f73769a7aa1
2025-12-24T16:58:51.283Z: Searching for ID: 694bf0a12ef55f73769a7aa1
2025-12-24T16:58:51.285Z: Search result: Found
2025-12-24T16:58:51.285Z: Product Name: Áo gió có mũ Nam
2025-12-24T16:58:55.315Z: Accessing /detail page. Query ID: 694bf0a12ef55f73769a7aa1
2025-12-24T16:58:55.315Z: Searching for ID: 694bf0a12ef55f73769a7aa1
2025-12-24T16:58:55.316Z: Search result: Found
2025-12-24T16:58:55.316Z: Product Name: Áo gió có mũ Nam
2025-12-24T16:59:03.752Z: Accessing /detail page. Query ID: 694bf0a12ef55f73769a7aa1
2025-12-24T16:59:03.752Z: Searching for ID: 694bf0a12ef55f73769a7aa1
2025-12-24T16:59:03.754Z: Search result: Found
2025-12-24T16:59:03.755Z: Product Name: Áo gió có mũ Nam
2025-12-24T16:59:11.295Z: Accessing /detail page. Query ID: 694bf2202ef55f73769a7b38
2025-12-24T16:59:11.295Z: Searching for ID: 694bf2202ef55f73769a7b38
2025-12-24T16:59:11.296Z: Search result: Found
2025-12-24T16:59:11.296Z: Product Name: Áo nỉ không mũ Nam
2025-12-24T16:59:16.426Z: Accessing /detail page. Query ID: 694bf2202ef55f73769a7b38
2025-12-24T16:59:16.426Z: Searching for ID: 694bf2202ef55f73769a7b38
2025-12-24T16:59:16.427Z: Search result: Found
2025-12-24T16:59:16.428Z: Product Name: Áo nỉ không mũ Nam
2025-12-24T16:59:37.923Z: Accessing /detail page. Query ID: 694bf0a12ef55f73769a7aa1
2025-12-24T16:59:37.924Z: Searching for ID: 694bf0a12ef55f73769a7aa1
2025-12-24T16:59:37.925Z: Search result: Found
2025-12-24T16:59:37.925Z: Product Name: Áo gió có mũ Nam
2025-12-24T16:59:45.365Z: Accessing /detail page. Query ID: undefined
2025-12-24T16:59:45.365Z: No ID provided, fetching default product...
2025-12-24T16:59:45.367Z: Default product found: 694bef8e2ef55f73769a79cf
2025-12-24T16:59:49.446Z: Accessing /detail page. Query ID: 694bf0f22ef55f73769a7ab3
2025-12-24T16:59:49.446Z: Searching for ID: 694bf0f22ef55f73769a7ab3
2025-12-24T16:59:49.447Z: Search result: Found
2025-12-24T16:59:49.448Z: Product Name: Áo gió có mũ Nam
2025-12-24T16:59:56.401Z: Accessing /detail page. Query ID: 694bef8e2ef55f73769a79cf
2025-12-24T16:59:56.401Z: Searching for ID: 694bef8e2ef55f73769a79cf
2025-12-24T16:59:56.403Z: Search result: Found
2025-12-24T16:59:56.403Z: Product Name: Áo gió có mũ Nam
2025-12-24T16:59:59.480Z: Accessing /detail page. Query ID: 694bf0a12ef55f73769a7aa1
2025-12-24T16:59:59.480Z: Searching for ID: 694bf0a12ef55f73769a7aa1
2025-12-24T16:59:59.482Z: Search result: Found
2025-12-24T16:59:59.482Z: Product Name: Áo gió có mũ Nam
2025-12-24T17:00:10.108Z: Accessing /detail page. Query ID: 694bf1162ef55f73769a7ac6
2025-12-24T17:00:10.109Z: Searching for ID: 694bf1162ef55f73769a7ac6
2025-12-24T17:00:10.110Z: Search result: Found
2025-12-24T17:00:10.110Z: Product Name: Áo gió có mũ Nam
2025-12-24T17:03:01.216Z: Accessing /detail page. Query ID: 694bf0a12ef55f73769a7aa1
2025-12-24T17:03:01.216Z: Searching for ID: 694bf0a12ef55f73769a7aa1
2025-12-24T17:03:01.218Z: Search result: Found
2025-12-24T17:03:01.218Z: Product Name: Áo gió có mũ Nam
2025-12-24T17:03:03.708Z: Accessing /detail page. Query ID: 694bf1162ef55f73769a7ac6
2025-12-24T17:03:03.708Z: Searching for ID: 694bf1162ef55f73769a7ac6
2025-12-24T17:03:03.709Z: Search result: Found
2025-12-24T17:03:03.710Z: Product Name: Áo gió có mũ Nam
2025-12-24T17:03:11.984Z: Accessing /detail page. Query ID: 694bf0a12ef55f73769a7aa1
2025-12-24T17:03:11.984Z: Searching for ID: 694bf0a12ef55f73769a7aa1
2025-12-24T17:03:11.986Z: Search result: Found
2025-12-24T17:03:11.986Z: Product Name: Áo gió có mũ Nam
2025-12-24T17:03:16.061Z: Accessing /detail page. Query ID: 694bf2202ef55f73769a7b38
2025-12-24T17:03:16.061Z: Searching for ID: 694bf2202ef55f73769a7b38
2025-12-24T17:03:16.063Z: Search result: Found
2025-12-24T17:03:16.063Z: Product Name: Áo nỉ không mũ Nam
2025-12-24T17:03:40.630Z: Accessing /detail page. Query ID: 694bef8e2ef55f73769a79cf
2025-12-24T17:03:40.630Z: Searching for ID: 694bef8e2ef55f73769a79cf
2025-12-24T17:03:40.632Z: Search result: Found
2025-12-24T17:03:40.632Z: Product Name: Áo gió có mũ Nam
2025-12-24T17:03:51.240Z: Accessing /detail page. Query ID: 694bf63abdbb409b0bd4af3b
2025-12-24T17:03:51.241Z: Searching for ID: 694bf63abdbb409b0bd4af3b
2025-12-24T17:03:51.242Z: Search result: Found
2025-12-24T17:03:51.243Z: Product Name: Áo dài tay Nam
2025-12-24T17:03:57.181Z: Accessing /detail page. Query ID: 694bf0f22ef55f73769a7ab3
2025-12-24T17:03:57.181Z: Searching for ID: 694bf0f22ef55f73769a7ab3
2025-12-24T17:03:57.183Z: Search result: Found
2025-12-24T17:03:57.183Z: Product Name: Áo gió có mũ Nam
2025-12-24T17:04:01.017Z: Accessing /detail page. Query ID: 694bf0a12ef55f73769a7aa1
2025-12-24T17:04:01.018Z: Searching for ID: 694bf0a12ef55f73769a7aa1
2025-12-24T17:04:01.019Z: Search result: Found
2025-12-24T17:04:01.020Z: Product Name: Áo gió có mũ Nam
2025-12-24T17:06:09.044Z: Accessing /detail page. Query ID: 694bf2202ef55f73769a7b38
2025-12-24T17:06:09.044Z: Searching for ID: 694bf2202ef55f73769a7b38
2025-12-24T17:06:09.047Z: Search result: Found
2025-12-24T17:06:09.048Z: Product Name: Áo nỉ không mũ Nam
2025-12-24T17:06:13.250Z: Accessing /detail page. Query ID: 694bf1162ef55f73769a7ac6
2025-12-24T17:06:13.250Z: Searching for ID: 694bf1162ef55f73769a7ac6
2025-12-24T17:06:13.252Z: Search result: Found
2025-12-24T17:06:13.252Z: Product Name: Áo gió có mũ Nam
2025-12-24T17:06:29.175Z: Accessing /detail page. Query ID: 694bf0a12ef55f73769a7aa1
2025-12-24T17:06:29.177Z: Searching for ID: 694bf0a12ef55f73769a7aa1
2025-12-24T17:06:29.179Z: Search result: Found
2025-12-24T17:06:29.179Z: Product Name: Áo gió có mũ Nam
2025-12-24T17:06:32.323Z: Accessing /detail page. Query ID: 694bf1162ef55f73769a7ac6
2025-12-24T17:06:32.323Z: Searching for ID: 694bf1162ef55f73769a7ac6
2025-12-24T17:06:32.325Z: Search result: Found
2025-12-24T17:06:32.325Z: Product Name: Áo gió có mũ Nam
2025-12-24T17:06:36.225Z: Accessing /detail page. Query ID: 694bf0a12ef55f73769a7aa1
2025-12-24T17:06:36.225Z: Searching for ID: 694bf0a12ef55f73769a7aa1
2025-12-24T17:06:36.227Z: Search result: Found
2025-12-24T17:06:36.227Z: Product Name: Áo gió có mũ Nam
2025-12-24T17:06:40.347Z: Accessing /detail page. Query ID: 694bf2202ef55f73769a7b38
2025-12-24T17:06:40.348Z: Searching for ID: 694bf2202ef55f73769a7b38
2025-12-24T17:06:40.350Z: Search result: Found
2025-12-24T17:06:40.350Z: Product Name: Áo nỉ không mũ Nam
2025-12-24T17:06:46.765Z: Accessing /detail page. Query ID: 694bf0a12ef55f73769a7aa1
2025-12-24T17:06:46.766Z: Searching for ID: 694bf0a12ef55f73769a7aa1
2025-12-24T17:06:46.767Z: Search result: Found
2025-12-24T17:06:46.767Z: Product Name: Áo gió có mũ Nam
2025-12-24T17:08:42.244Z: Accessing /detail page. Query ID: 694bf2202ef55f73769a7b38
2025-12-24T17:08:42.245Z: Searching for ID: 694bf2202ef55f73769a7b38
2025-12-24T17:08:42.247Z: Search result: Found
2025-12-24T17:08:42.247Z: Product Name: Áo nỉ không mũ Nam
2025-12-24T17:08:44.970Z: Accessing /detail page. Query ID: 694bf0a12ef55f73769a7aa1
2025-12-24T17:08:44.970Z: Searching for ID: 694bf0a12ef55f73769a7aa1
2025-12-24T17:08:44.972Z: Search result: Found
2025-12-24T17:08:44.973Z: Product Name: Áo gió có mũ Nam
2025-12-24T17:08:52.581Z: Accessing /detail page. Query ID: 694bf4312ef55f73769a7c98
2025-12-24T17:08:52.582Z: Searching for ID: 694bf4312ef55f73769a7c98
2025-12-24T17:08:52.584Z: Search result: Found
2025-12-24T17:08:52.584Z: Product Name: Áo polo Nam
2025-12-24T17:11:29.494Z: Accessing /detail page. Query ID: 694bf4312ef55f73769a7c98
2025-12-24T17:11:29.495Z: Searching for ID: 694bf4312ef55f73769a7c98
2025-12-24T17:11:29.496Z: Search result: Found
2025-12-24T17:11:29.496Z: Product Name: Áo polo Nam
2025-12-24T17:11:33.594Z: Accessing /detail page. Query ID: 694bf4312ef55f73769a7c98
2025-12-24T17:11:33.595Z: Searching for ID: 694bf4312ef55f73769a7c98
2025-12-24T17:11:33.596Z: Search result: Found
2025-12-24T17:11:33.596Z: Product Name: Áo polo Nam
2025-12-24T17:11:36.411Z: Accessing /detail page. Query ID: 694bf4312ef55f73769a7c98
2025-12-24T17:11:36.411Z: Searching for ID: 694bf4312ef55f73769a7c98
2025-12-24T17:11:36.413Z: Search result: Found
2025-12-24T17:11:36.413Z: Product Name: Áo polo Nam
2025-12-24T17:11:45.567Z: Accessing /detail page. Query ID: 694bf4312ef55f73769a7c98
2025-12-24T17:11:45.567Z: Searching for ID: 694bf4312ef55f73769a7c98
2025-12-24T17:11:45.569Z: Search result: Found
2025-12-24T17:11:45.569Z: Product Name: Áo polo Nam
2025-12-24T17:11:55.834Z: Accessing /detail page. Query ID: 694bf4312ef55f73769a7c98
2025-12-24T17:11:55.834Z: Searching for ID: 694bf4312ef55f73769a7c98
2025-12-24T17:11:55.835Z: Search result: Found
2025-12-24T17:11:55.836Z: Product Name: Áo polo Nam
2025-12-24T17:12:54.741Z: Accessing /detail page. Query ID: 694bf4312ef55f73769a7c98
2025-12-24T17:12:54.741Z: Searching for ID: 694bf4312ef55f73769a7c98
2025-12-24T17:12:54.743Z: Search result: Found
2025-12-24T17:12:54.743Z: Product Name: Áo polo Nam
2025-12-24T17:13:02.423Z: Accessing /detail page. Query ID: undefined
2025-12-24T17:13:02.424Z: No ID provided, fetching default product...
2025-12-24T17:13:02.426Z: Default product found: 694bef8e2ef55f73769a79cf
2025-12-24T17:13:37.629Z: Accessing /detail page. Query ID: 694bf63abdbb409b0bd4af3b
2025-12-24T17:13:37.630Z: Searching for ID: 694bf63abdbb409b0bd4af3b
2025-12-24T17:13:37.631Z: Search result: Found
2025-12-24T17:13:37.631Z: Product Name: Áo dài tay Nam
2025-12-24T17:13:44.382Z: Accessing /detail page. Query ID: 694bf4312ef55f73769a7c98
2025-12-24T17:13:44.382Z: Searching for ID: 694bf4312ef55f73769a7c98
2025-12-24T17:13:44.383Z: Search result: Found
2025-12-24T17:13:44.384Z: Product Name: Áo polo Nam
2025-12-24T17:13:48.203Z: Accessing /detail page. Query ID: 694bf0a12ef55f73769a7aa1
2025-12-24T17:13:48.204Z: Searching for ID: 694bf0a12ef55f73769a7aa1
2025-12-24T17:13:48.206Z: Search result: Found
2025-12-24T17:13:48.206Z: Product Name: Áo gió có mũ Nam
2025-12-24T17:15:17.906Z: Accessing /detail page. Query ID: 694bf0a12ef55f73769a7aa1
2025-12-24T17:15:17.906Z: Searching for ID: 694bf0a12ef55f73769a7aa1
2025-12-24T17:15:17.908Z: Search result: Found
2025-12-24T17:15:17.908Z: Product Name: Áo gió có mũ Nam
2025-12-24T17:15:30.776Z: Accessing /detail page. Query ID: 694bf2202ef55f73769a7b38
2025-12-24T17:15:30.777Z: Searching for ID: 694bf2202ef55f73769a7b38
2025-12-24T17:15:30.778Z: Search result: Found
2025-12-24T17:15:30.779Z: Product Name: Áo nỉ không mũ Nam
2025-12-24T17:25:07.467Z: Accessing /detail page. Query ID: 694bf2202ef55f73769a7b38
2025-12-24T17:25:07.467Z: Searching for ID: 694bf2202ef55f73769a7b38
2025-12-24T17:25:07.469Z: Search result: Found
2025-12-24T17:25:07.469Z: Product Name: Áo nỉ không mũ Nam
2025-12-24T17:25:09.771Z: Accessing /detail page. Query ID: 694bf4312ef55f73769a7c98
2025-12-24T17:25:09.771Z: Searching for ID: 694bf4312ef55f73769a7c98
2025-12-24T17:25:09.773Z: Search result: Found
2025-12-24T17:25:09.773Z: Product Name: Áo polo Nam
2025-12-24T17:25:11.728Z: Accessing /detail page. Query ID: 694bf0a12ef55f73769a7aa1
2025-12-24T17:25:11.728Z: Searching for ID: 694bf0a12ef55f73769a7aa1
2025-12-24T17:25:11.730Z: Search result: Found
2025-12-24T17:25:11.730Z: Product Name: Áo gió có mũ Nam
2025-12-24T17:25:54.701Z: Accessing /detail page. Query ID: 694bf2202ef55f73769a7b38
2025-12-24T17:25:54.701Z: Searching for ID: 694bf2202ef55f73769a7b38
2025-12-24T17:25:54.703Z: Search result: Found
2025-12-24T17:25:54.703Z: Product Name: Áo nỉ không mũ Nam
2025-12-24T17:26:50.849Z: Accessing /detail page. Query ID: 694bf0a12ef55f73769a7aa1
2025-12-24T17:26:50.849Z: Searching for ID: 694bf0a12ef55f73769a7aa1
2025-12-24T17:26:50.850Z: Search result: Found
2025-12-24T17:26:50.850Z: Product Name: Áo gió có mũ Nam
2025-12-24T17:27:10.646Z: Accessing /detail page. Query ID: 694bf0a12ef55f73769a7aa1
2025-12-24T17:27:10.647Z: Searching for ID: 694bf0a12ef55f73769a7aa1
2025-12-24T17:27:10.649Z: Search result: Found
2025-12-24T17:27:10.649Z: Product Name: Áo gió có mũ Nam
2025-12-24T17:27:19.097Z: Accessing /detail page. Query ID: 694bf0a12ef55f73769a7aa1
2025-12-24T17:27:19.097Z: Searching for ID: 694bf0a12ef55f73769a7aa1
2025-12-24T17:27:19.099Z: Search result: Found
2025-12-24T17:27:19.099Z: Product Name: Áo gió có mũ Nam
2025-12-24T17:28:35.482Z: Accessing /detail page. Query ID: 694bf2202ef55f73769a7b38
2025-12-24T17:28:35.482Z: Searching for ID: 694bf2202ef55f73769a7b38
2025-12-24T17:28:35.484Z: Search result: Found
2025-12-24T17:28:35.484Z: Product Name: Áo nỉ không mũ Nam
2025-12-24T17:28:54.819Z: Accessing /detail page. Query ID: 694bf2202ef55f73769a7b38
2025-12-24T17:28:54.820Z: Searching for ID: 694bf2202ef55f73769a7b38
2025-12-24T17:28:54.823Z: Search result: Found
2025-12-24T17:28:54.823Z: Product Name: Áo nỉ không mũ Nam
2025-12-24T17:37:13.620Z: Accessing /detail page. Query ID: 694bf2202ef55f73769a7b38
2025-12-24T17:37:13.621Z: Searching for ID: 694bf2202ef55f73769a7b38
2025-12-24T17:37:13.622Z: Search result: Found
2025-12-24T17:37:13.622Z: Product Name: Áo nỉ không mũ Nam
2025-12-24T17:38:33.113Z: Accessing /detail page. Query ID: undefined
2025-12-24T17:38:33.113Z: No ID provided, fetching default product...
2025-12-24T17:38:33.115Z: Default product found: 694bef8e2ef55f73769a79cf
2025-12-24T17:38:38.519Z: Accessing /detail page. Query ID: undefined
2025-12-24T17:38:38.520Z: No ID provided, fetching default product...
2025-12-24T17:38:38.522Z: Default product found: 694bef8e2ef55f73769a79cf
2025-12-24T17:38:46.781Z: Accessing /detail page. Query ID: undefined
2025-12-24T17:38:46.781Z: No ID provided, fetching default product...
2025-12-24T17:38:46.783Z: Default product found: 694bef8e2ef55f73769a79cf
2025-12-24T17:38:50.042Z: Accessing /detail page. Query ID: 694bf1392ef55f73769a7ada
2025-12-24T17:38:50.042Z: Searching for ID: 694bf1392ef55f73769a7ada
2025-12-24T17:38:50.043Z: Search result: Found
2025-12-24T17:38:50.043Z: Product Name: Áo gió có mũ Nam
2025-12-24T17:38:57.691Z: Accessing /detail page. Query ID: 694bf2202ef55f73769a7b38
2025-12-24T17:38:57.692Z: Searching for ID: 694bf2202ef55f73769a7b38
2025-12-24T17:38:57.693Z: Search result: Found
2025-12-24T17:38:57.693Z: Product Name: Áo nỉ không mũ Nam
2025-12-24T17:41:27.584Z: Accessing /detail page. Query ID: undefined
2025-12-24T17:41:27.585Z: No ID provided, fetching default product...
2025-12-24T17:41:27.586Z: Default product found: 694bef8e2ef55f73769a79cf
2025-12-24T17:42:46.940Z: Accessing /detail page. Query ID: 694bf63abdbb409b0bd4af3b
2025-12-24T17:42:46.941Z: Searching for ID: 694bf63abdbb409b0bd4af3b
2025-12-24T17:42:46.943Z: Search result: Found
2025-12-24T17:42:46.943Z: Product Name: Áo dài tay Nam
2025-12-24T17:43:13.919Z: Accessing /detail page. Query ID: undefined
2025-12-24T17:43:13.919Z: No ID provided, fetching default product...
2025-12-24T17:43:13.921Z: Default product found: 694bef8e2ef55f73769a79cf
2025-12-24T17:48:31.937Z: Accessing /detail page. Query ID: 694bf4312ef55f73769a7c98
2025-12-24T17:48:31.938Z: Searching for ID: 694bf4312ef55f73769a7c98
2025-12-24T17:48:31.939Z: Search result: Found
2025-12-24T17:48:31.940Z: Product Name: Áo polo Nam
2025-12-24T17:48:35.389Z: Accessing /detail page. Query ID: 694bf1162ef55f73769a7ac6
2025-12-24T17:48:35.389Z: Searching for ID: 694bf1162ef55f73769a7ac6
2025-12-24T17:48:35.391Z: Search result: Found
2025-12-24T17:48:35.391Z: Product Name: Áo gió có mũ Nam
2025-12-24T17:52:20.893Z: Accessing /detail page. Query ID: 694bf0a12ef55f73769a7aa1
2025-12-24T17:52:20.893Z: Searching for ID: 694bf0a12ef55f73769a7aa1
2025-12-24T17:52:20.895Z: Search result: Found
2025-12-24T17:52:20.895Z: Product Name: Áo gió có mũ Nam
2025-12-24T17:52:23.576Z: Accessing /detail page. Query ID: 694bf2202ef55f73769a7b38
2025-12-24T17:52:23.576Z: Searching for ID: 694bf2202ef55f73769a7b38
2025-12-24T17:52:23.577Z: Search result: Found
2025-12-24T17:52:23.577Z: Product Name: Áo nỉ không mũ Nam
2025-12-24T17:53:02.051Z: Accessing /detail page. Query ID: 694bf0a12ef55f73769a7aa1
2025-12-24T17:53:02.052Z: Searching for ID: 694bf0a12ef55f73769a7aa1
2025-12-24T17:53:02.053Z: Search result: Found
2025-12-24T17:53:02.053Z: Product Name: Áo gió có mũ Nam
2025-12-24T17:53:42.661Z: Accessing /detail page. Query ID: 694bf0a12ef55f73769a7aa1
2025-12-24T17:53:42.662Z: Searching for ID: 694bf0a12ef55f73769a7aa1
2025-12-24T17:53:42.663Z: Search result: Found
2025-12-24T17:53:42.664Z: Product Name: Áo gió có mũ Nam
2025-12-24T17:53:57.342Z: Accessing /detail page. Query ID: 694bf2202ef55f73769a7b38
2025-12-24T17:53:57.342Z: Searching for ID: 694bf2202ef55f73769a7b38
2025-12-24T17:53:57.344Z: Search result: Found
2025-12-24T17:53:57.344Z: Product Name: Áo nỉ không mũ Nam
2025-12-24T18:40:51.383Z: Accessing /detail page. Query ID: 694bf15a2ef55f73769a7aef
2025-12-24T18:40:51.383Z: Searching for ID: 694bf15a2ef55f73769a7aef
2025-12-24T18:40:51.385Z: Search result: Found
2025-12-24T18:40:51.385Z: Product Name: Áo gió có mũ Nam
2025-12-24T18:40:54.339Z: Accessing /detail page. Query ID: 694bf1392ef55f73769a7ada
2025-12-24T18:40:54.339Z: Searching for ID: 694bf1392ef55f73769a7ada
2025-12-24T18:40:54.341Z: Search result: Found
2025-12-24T18:40:54.341Z: Product Name: Áo gió có mũ Nam
2025-12-25T03:56:16.536Z: Accessing /detail page. Query ID: 694c350b747a1055baab62e0
2025-12-25T03:56:16.538Z: Searching for ID: 694c350b747a1055baab62e0
2025-12-25T03:56:16.541Z: Search result: Found
2025-12-25T03:56:16.541Z: Product Name: Áo dài tay Nam
2025-12-25T03:58:22.757Z: Accessing /detail page. Query ID: undefined
2025-12-25T03:58:22.757Z: No ID provided, fetching default product...
2025-12-25T03:58:22.759Z: Default product found: 694bef8e2ef55f73769a79cf
2025-12-25T03:58:33.855Z: Accessing /detail page. Query ID: 694c339f747a1055baab625d
2025-12-25T03:58:33.855Z: Searching for ID: 694c339f747a1055baab625d
2025-12-25T03:58:33.857Z: Search result: Found
2025-12-25T03:58:33.857Z: Product Name: Balo thể thao Unisex
2025-12-25T03:58:37.400Z: Accessing /detail page. Query ID: 694c3389747a1055baab6250
2025-12-25T03:58:37.400Z: Searching for ID: 694c3389747a1055baab6250
2025-12-25T03:58:37.402Z: Search result: Found
2025-12-25T03:58:37.403Z: Product Name: Balo thể thao Unisex
2025-12-25T03:58:44.029Z: Accessing /detail page. Query ID: 694c333e747a1055baab621b
2025-12-25T03:58:44.029Z: Searching for ID: 694c333e747a1055baab621b
2025-12-25T03:58:44.030Z: Search result: Found
2025-12-25T03:58:44.030Z: Product Name: Balo thể thao Unisex
2025-12-25T04:48:08.213Z: Accessing /detail page. Query ID: undefined
2025-12-25T04:48:08.214Z: No ID provided, fetching default product...
2025-12-25T04:48:08.216Z: Default product found: 694bef8e2ef55f73769a79cf
2025-12-25T05:06:43.349Z: Accessing /detail page. Query ID: undefined
2025-12-25T05:06:43.349Z: No ID provided, fetching default product...
2025-12-25T05:06:43.351Z: Default product found: 694bef8e2ef55f73769a79cf
2025-12-25T05:06:52.261Z: Accessing /detail page. Query ID: undefined
2025-12-25T05:06:52.261Z: No ID provided, fetching default product...
2025-12-25T05:06:52.262Z: Default product found: 694bef8e2ef55f73769a79cf
2025-12-25T11:01:17.845Z: Accessing /detail page. Query ID: undefined
2025-12-25T11:01:17.846Z: No ID provided, fetching default product...
2025-12-25T11:01:17.848Z: Default product found: 694bef8e2ef55f73769a79cf
2025-12-25T11:01:25.988Z: Accessing /detail page. Query ID: 694bf1392ef55f73769a7ada
2025-12-25T11:01:25.989Z: Searching for ID: 694bf1392ef55f73769a7ada
2025-12-25T11:01:25.993Z: Search result: Found
2025-12-25T11:01:25.993Z: Product Name: Áo gió có mũ Nam
2025-12-26T12:30:17.102Z: Accessing /detail page. Query ID: 694cc547b9a1a38d3ed782a6
2025-12-26T12:30:17.104Z: Searching for ID: 694cc547b9a1a38d3ed782a6
2025-12-26T12:30:17.106Z: Search result: Found
2025-12-26T12:30:17.106Z: Product Name: Bộ đồ thể thao
2025-12-26T12:32:18.357Z: Accessing /detail page. Query ID: 694cc547b9a1a38d3ed782a6
2025-12-26T12:32:18.357Z: Searching for ID: 694cc547b9a1a38d3ed782a6
2025-12-26T12:32:18.359Z: Search result: Found
2025-12-26T12:32:18.359Z: Product Name: Bộ đồ thể thao
2025-12-26T12:55:24.824Z: Accessing /detail page. Query ID: undefined
2025-12-26T12:55:24.825Z: No ID provided, fetching default product...
2025-12-26T12:55:24.828Z: Default product found: 694bef8e2ef55f73769a79cf
2025-12-26T12:56:45.284Z: Accessing /detail page. Query ID: undefined
2025-12-26T12:56:45.284Z: No ID provided, fetching default product...
2025-12-26T12:56:45.286Z: Default product found: 694bef8e2ef55f73769a79cf
2025-12-26T15:42:46.665Z: Accessing /detail page. Query ID: undefined
2025-12-26T15:42:46.666Z: No ID provided, fetching default product...
2025-12-26T15:42:46.667Z: Default product found: 694bef8e2ef55f73769a79cf
2025-12-26T15:43:01.179Z: Accessing /detail page. Query ID: undefined
2025-12-26T15:43:01.179Z: No ID provided, fetching default product...
2025-12-26T15:43:01.181Z: Default product found: 694bef8e2ef55f73769a79cf
2025-12-26T15:48:03.678Z: Accessing /detail page. Query ID: undefined
2025-12-26T15:48:03.678Z: No ID provided, fetching default product...
2025-12-26T15:48:03.680Z: Default product found: 694bef8e2ef55f73769a79cf
2025-12-26T15:51:48.836Z: Accessing /detail page. Query ID: undefined
2025-12-26T15:51:48.836Z: No ID provided, fetching default product...
2025-12-26T15:51:48.838Z: Default product found: 694bef8e2ef55f73769a79cf
2025-12-26T15:51:54.214Z: Accessing /detail page. Query ID: undefined
2025-12-26T15:51:54.214Z: No ID provided, fetching default product...
2025-12-26T15:51:54.216Z: Default product found: 694bef8e2ef55f73769a79cf
2025-12-26T15:57:20.149Z: Accessing /detail page. Query ID: 694e82e359c91b711e49609b
2025-12-26T15:57:20.149Z: Searching for ID: 694e82e359c91b711e49609b
2025-12-26T15:57:20.151Z: Search result: Found
2025-12-26T15:57:20.151Z: Product Name: Áo Sơ mi Nam
2025-12-26T15:57:32.620Z: Accessing /detail page. Query ID: 694cbfeeb9a1a38d3ed7803a
2025-12-26T15:57:32.621Z: Searching for ID: 694cbfeeb9a1a38d3ed7803a
2025-12-26T15:57:32.623Z: Search result: Found
2025-12-26T15:57:32.623Z: Product Name: Áo Sơ mi Nam
2025-12-26T15:57:41.794Z: Accessing /detail page. Query ID: undefined
2025-12-26T15:57:41.794Z: No ID provided, fetching default product...
2025-12-26T15:57:41.796Z: Default product found: 694bef8e2ef55f73769a79cf
2025-12-26T15:58:00.026Z: Accessing /detail page. Query ID: undefined
2025-12-26T15:58:00.027Z: No ID provided, fetching default product...
2025-12-26T15:58:00.028Z: Default product found: 694bef8e2ef55f73769a79cf
2025-12-26T16:04:00.300Z: Accessing /detail page. Query ID: undefined
2025-12-26T16:04:00.300Z: No ID provided, fetching default product...
2025-12-26T16:04:00.301Z: Default product found: 694bef8e2ef55f73769a79cf
2025-12-26T16:13:02.550Z: Accessing /detail page. Query ID: undefined
2025-12-26T16:13:02.550Z: No ID provided, fetching default product...
2025-12-26T16:13:02.551Z: Default product found: 694bef8e2ef55f73769a79cf
2025-12-26T16:13:23.277Z: Accessing /detail page. Query ID: undefined
2025-12-26T16:13:23.277Z: No ID provided, fetching default product...
2025-12-26T16:13:23.279Z: Default product found: 694bef8e2ef55f73769a79cf
2025-12-26T16:13:58.201Z: Accessing /detail page. Query ID: undefined
2025-12-26T16:13:58.201Z: No ID provided, fetching default product...
2025-12-26T16:13:58.203Z: Default product found: 694bef8e2ef55f73769a79cf
2025-12-26T16:22:08.215Z: Accessing /detail page. Query ID: 694bf4312ef55f73769a7c98
2025-12-26T16:22:08.216Z: Searching for ID: 694bf4312ef55f73769a7c98
2025-12-26T16:22:08.220Z: Search result: Found
2025-12-26T16:22:08.220Z: Product Name: Áo polo Nam
2026-04-09T10:32:30.841Z: Accessing /detail page. Query ID: undefined
2026-04-09T10:32:30.850Z: No ID provided, fetching default product...
2026-04-09T10:32:30.852Z: Default product found: 694bef8e2ef55f73769a79cf
2026-04-09T10:58:56.133Z: Accessing /detail page. Query ID: 694e82e359c91b711e49609b
2026-04-09T10:58:56.134Z: Searching for ID: 694e82e359c91b711e49609b
2026-04-09T10:58:56.135Z: Search result: Found
2026-04-09T10:58:56.135Z: Product Name: Áo Sơ mi Nam
2026-04-09T11:00:40.394Z: Accessing /detail page. Query ID: 694e82e359c91b711e49609b
2026-04-09T11:00:40.394Z: Searching for ID: 694e82e359c91b711e49609b
2026-04-09T11:00:40.395Z: Search result: Found
2026-04-09T11:00:40.395Z: Product Name: Áo Sơ mi Nam
2026-04-09T11:13:58.569Z: Accessing /detail page. Query ID: 694e82e359c91b711e49609b
2026-04-09T11:13:58.569Z: Searching for ID: 694e82e359c91b711e49609b
2026-04-09T11:13:58.570Z: Search result: Found
2026-04-09T11:13:58.571Z: Product Name: Áo Sơ mi Nam
2026-04-09T11:25:13.804Z: Accessing /detail page. Query ID: 694e82e359c91b711e49609b
2026-04-09T11:25:13.804Z: Searching for ID: 694e82e359c91b711e49609b
2026-04-09T11:25:13.805Z: Search result: Found
2026-04-09T11:25:13.806Z: Product Name: Áo Sơ mi Nam
2026-04-09T11:32:42.997Z: Accessing /detail page. Query ID: 694cc547b9a1a38d3ed782a6
2026-04-09T11:32:42.998Z: Searching for ID: 694cc547b9a1a38d3ed782a6
2026-04-09T11:32:42.999Z: Search result: Found
2026-04-09T11:32:42.999Z: Product Name: Bộ đồ thể thao
2026-04-09T11:32:50.075Z: Accessing /detail page. Query ID: 694cc52ab9a1a38d3ed78299
2026-04-09T11:32:50.076Z: Searching for ID: 694cc52ab9a1a38d3ed78299
2026-04-09T11:32:50.077Z: Search result: Found
2026-04-09T11:32:50.077Z: Product Name: Bộ đồ thể thao
2026-04-09T11:32:56.214Z: Accessing /detail page. Query ID: 694cc52ab9a1a38d3ed78299
2026-04-09T11:32:56.223Z: Searching for ID: 694cc52ab9a1a38d3ed78299
2026-04-09T11:32:56.224Z: Search result: Found
2026-04-09T11:32:56.224Z: Product Name: Bộ đồ thể thao
2026-04-09T11:32:56.242Z: Accessing /detail page. Query ID: 694cc52ab9a1a38d3ed78299
2026-04-09T11:32:56.242Z: Searching for ID: 694cc52ab9a1a38d3ed78299
2026-04-09T11:32:56.243Z: Search result: Found
2026-04-09T11:32:56.243Z: Product Name: Bộ đồ thể thao
2026-04-09T11:44:31.257Z: Accessing /detail page. Query ID: undefined
2026-04-09T11:44:31.257Z: No ID provided, fetching default product...
2026-04-09T11:44:31.258Z: Default product found: 694bef8e2ef55f73769a79cf
2026-04-09T13:29:28.338Z: Accessing /detail page. Query ID: undefined
2026-04-09T13:29:28.339Z: No ID provided, fetching default product...
2026-04-09T13:29:28.341Z: Default product found: 694bef8e2ef55f73769a79cf
2026-04-09T13:29:35.968Z: Accessing /detail page. Query ID: 694e82e359c91b711e49609b
2026-04-09T13:29:35.968Z: Searching for ID: 694e82e359c91b711e49609b
2026-04-09T13:29:35.969Z: Search result: Found
2026-04-09T13:29:35.969Z: Product Name: Áo Sơ mi Nam
